{"/home/ehg47/hexlet-project-num-2/frontend-project-lvl2/src/compare.js": {"path":"/home/ehg47/hexlet-project-num-2/frontend-project-lvl2/src/compare.js","all":false,"statementMap":{"0":{"start":{"line":1,"column":0},"end":{"line":1,"column":31}},"1":{"start":{"line":2,"column":0},"end":{"line":2,"column":23}},"2":{"start":{"line":3,"column":0},"end":{"line":3,"column":37}},"3":{"start":{"line":4,"column":0},"end":{"line":4,"column":41}},"4":{"start":{"line":5,"column":0},"end":{"line":5,"column":0}},"5":{"start":{"line":6,"column":0},"end":{"line":6,"column":35}},"6":{"start":{"line":7,"column":0},"end":{"line":7,"column":36}},"7":{"start":{"line":8,"column":0},"end":{"line":8,"column":32}},"8":{"start":{"line":9,"column":0},"end":{"line":9,"column":32}},"9":{"start":{"line":10,"column":0},"end":{"line":10,"column":62}},"10":{"start":{"line":11,"column":0},"end":{"line":11,"column":57}},"11":{"start":{"line":12,"column":0},"end":{"line":12,"column":57}},"12":{"start":{"line":13,"column":0},"end":{"line":13,"column":26}},"13":{"start":{"line":14,"column":0},"end":{"line":14,"column":26}},"14":{"start":{"line":15,"column":0},"end":{"line":15,"column":35}},"15":{"start":{"line":16,"column":0},"end":{"line":16,"column":46}},"16":{"start":{"line":17,"column":0},"end":{"line":17,"column":34}},"17":{"start":{"line":18,"column":0},"end":{"line":18,"column":63}},"18":{"start":{"line":19,"column":0},"end":{"line":19,"column":49}},"19":{"start":{"line":20,"column":0},"end":{"line":20,"column":30}},"20":{"start":{"line":21,"column":0},"end":{"line":21,"column":50}},"21":{"start":{"line":22,"column":0},"end":{"line":22,"column":50}},"22":{"start":{"line":23,"column":0},"end":{"line":23,"column":57}},"23":{"start":{"line":24,"column":0},"end":{"line":24,"column":46}},"24":{"start":{"line":25,"column":0},"end":{"line":25,"column":47}},"25":{"start":{"line":26,"column":0},"end":{"line":26,"column":48}},"26":{"start":{"line":27,"column":0},"end":{"line":27,"column":108}},"27":{"start":{"line":28,"column":0},"end":{"line":28,"column":7}},"28":{"start":{"line":29,"column":0},"end":{"line":29,"column":5}},"29":{"start":{"line":30,"column":0},"end":{"line":30,"column":58}},"30":{"start":{"line":31,"column":0},"end":{"line":31,"column":45}},"31":{"start":{"line":32,"column":0},"end":{"line":32,"column":5}},"32":{"start":{"line":33,"column":0},"end":{"line":33,"column":58}},"33":{"start":{"line":34,"column":0},"end":{"line":34,"column":45}},"34":{"start":{"line":35,"column":0},"end":{"line":35,"column":5}},"35":{"start":{"line":36,"column":0},"end":{"line":36,"column":15}},"36":{"start":{"line":37,"column":0},"end":{"line":37,"column":9}},"37":{"start":{"line":38,"column":0},"end":{"line":38,"column":26}},"38":{"start":{"line":39,"column":0},"end":{"line":39,"column":2}},"39":{"start":{"line":40,"column":0},"end":{"line":40,"column":0}},"40":{"start":{"line":41,"column":0},"end":{"line":41,"column":23}}},"s":{"0":1,"1":1,"2":1,"3":1,"4":1,"5":1,"6":2,"7":2,"8":2,"9":2,"10":2,"11":2,"12":2,"13":2,"14":2,"15":2,"16":2,"17":2,"18":2,"19":20,"20":20,"21":20,"22":20,"23":16,"24":8,"25":8,"26":8,"27":8,"28":16,"29":20,"30":2,"31":2,"32":20,"33":2,"34":2,"35":0,"36":2,"37":2,"38":2,"39":1,"40":1},"branchMap":{"0":{"type":"branch","line":6,"loc":{"start":{"line":6,"column":16},"end":{"line":39,"column":2}},"locations":[{"start":{"line":6,"column":16},"end":{"line":39,"column":2}}]},"1":{"type":"branch","line":19,"loc":{"start":{"line":19,"column":33},"end":{"line":37,"column":5}},"locations":[{"start":{"line":19,"column":33},"end":{"line":37,"column":5}}]},"2":{"type":"branch","line":23,"loc":{"start":{"line":23,"column":8},"end":{"line":23,"column":34}},"locations":[{"start":{"line":23,"column":8},"end":{"line":23,"column":34}}]},"3":{"type":"branch","line":23,"loc":{"start":{"line":23,"column":56},"end":{"line":29,"column":5}},"locations":[{"start":{"line":23,"column":56},"end":{"line":29,"column":5}}]},"4":{"type":"branch","line":24,"loc":{"start":{"line":24,"column":45},"end":{"line":28,"column":7}},"locations":[{"start":{"line":24,"column":45},"end":{"line":28,"column":7}}]},"5":{"type":"branch","line":27,"loc":{"start":{"line":27,"column":15},"end":{"line":27,"column":44}},"locations":[{"start":{"line":27,"column":15},"end":{"line":27,"column":44}}]},"6":{"type":"branch","line":27,"loc":{"start":{"line":27,"column":15},"end":{"line":27,"column":78}},"locations":[{"start":{"line":27,"column":15},"end":{"line":27,"column":78}}]},"7":{"type":"branch","line":30,"loc":{"start":{"line":30,"column":-1},"end":{"line":30,"column":9}},"locations":[{"start":{"line":30,"column":-1},"end":{"line":30,"column":9}}]},"8":{"type":"branch","line":30,"loc":{"start":{"line":30,"column":8},"end":{"line":30,"column":35}},"locations":[{"start":{"line":30,"column":8},"end":{"line":30,"column":35}}]},"9":{"type":"branch","line":30,"loc":{"start":{"line":30,"column":57},"end":{"line":33,"column":35}},"locations":[{"start":{"line":30,"column":57},"end":{"line":33,"column":35}}]},"10":{"type":"branch","line":33,"loc":{"start":{"line":33,"column":57},"end":{"line":35,"column":5}},"locations":[{"start":{"line":33,"column":57},"end":{"line":35,"column":5}}]},"11":{"type":"branch","line":36,"loc":{"start":{"line":36,"column":-1},"end":{"line":37,"column":5}},"locations":[{"start":{"line":36,"column":-1},"end":{"line":37,"column":5}}]}},"b":{"0":[2],"1":[20],"2":[18],"3":[16],"4":[8],"5":[4],"6":[4],"7":[4],"8":[2],"9":[2],"10":[2],"11":[0]},"fnMap":{"0":{"name":"compare","decl":{"start":{"line":6,"column":16},"end":{"line":39,"column":2}},"loc":{"start":{"line":6,"column":16},"end":{"line":39,"column":2}},"line":6}},"f":{"0":2}}
,"/home/ehg47/hexlet-project-num-2/frontend-project-lvl2/src/makestring.js": {"path":"/home/ehg47/hexlet-project-num-2/frontend-project-lvl2/src/makestring.js","all":false,"statementMap":{"0":{"start":{"line":1,"column":0},"end":{"line":1,"column":29}},"1":{"start":{"line":2,"column":0},"end":{"line":2,"column":49}},"2":{"start":{"line":3,"column":0},"end":{"line":3,"column":54}},"3":{"start":{"line":4,"column":0},"end":{"line":4,"column":59}},"4":{"start":{"line":5,"column":0},"end":{"line":5,"column":22}},"5":{"start":{"line":6,"column":0},"end":{"line":6,"column":2}},"6":{"start":{"line":7,"column":0},"end":{"line":7,"column":26}}},"s":{"0":1,"1":3,"2":3,"3":3,"4":3,"5":3,"6":1},"branchMap":{"0":{"type":"branch","line":1,"loc":{"start":{"line":1,"column":20},"end":{"line":6,"column":2}},"locations":[{"start":{"line":1,"column":20},"end":{"line":6,"column":2}}]}},"b":{"0":[3]},"fnMap":{"0":{"name":"makeString","decl":{"start":{"line":1,"column":20},"end":{"line":6,"column":2}},"loc":{"start":{"line":1,"column":20},"end":{"line":6,"column":2}},"line":1}},"f":{"0":3}}
,"/home/ehg47/hexlet-project-num-2/frontend-project-lvl2/src/openfile.js": {"path":"/home/ehg47/hexlet-project-num-2/frontend-project-lvl2/src/openfile.js","all":false,"statementMap":{"0":{"start":{"line":1,"column":0},"end":{"line":1,"column":34}},"1":{"start":{"line":2,"column":0},"end":{"line":2,"column":31}},"2":{"start":{"line":3,"column":0},"end":{"line":3,"column":24}},"3":{"start":{"line":4,"column":0},"end":{"line":4,"column":36}},"4":{"start":{"line":5,"column":0},"end":{"line":5,"column":0}},"5":{"start":{"line":6,"column":0},"end":{"line":6,"column":50}},"6":{"start":{"line":7,"column":0},"end":{"line":7,"column":38}},"7":{"start":{"line":8,"column":0},"end":{"line":8,"column":0}},"8":{"start":{"line":9,"column":0},"end":{"line":9,"column":32}},"9":{"start":{"line":10,"column":0},"end":{"line":10,"column":92}},"10":{"start":{"line":11,"column":0},"end":{"line":11,"column":66}},"11":{"start":{"line":12,"column":0},"end":{"line":12,"column":18}},"12":{"start":{"line":13,"column":0},"end":{"line":13,"column":2}},"13":{"start":{"line":14,"column":0},"end":{"line":14,"column":23}},"14":{"start":{"line":15,"column":0},"end":{"line":15,"column":24}}},"s":{"0":1,"1":1,"2":1,"3":1,"4":1,"5":1,"6":1,"7":1,"8":1,"9":4,"10":4,"11":4,"12":4,"13":1,"14":1},"branchMap":{"0":{"type":"branch","line":9,"loc":{"start":{"line":9,"column":18},"end":{"line":13,"column":2}},"locations":[{"start":{"line":9,"column":18},"end":{"line":13,"column":2}}]},"1":{"type":"branch","line":10,"loc":{"start":{"line":10,"column":26},"end":{"line":10,"column":43}},"locations":[{"start":{"line":10,"column":26},"end":{"line":10,"column":43}}]}},"b":{"0":[4],"1":[4]},"fnMap":{"0":{"name":"openFile","decl":{"start":{"line":9,"column":18},"end":{"line":13,"column":2}},"loc":{"start":{"line":9,"column":18},"end":{"line":13,"column":2}},"line":9},"1":{"name":"getFixturePath","decl":{"start":{"line":10,"column":26},"end":{"line":10,"column":43}},"loc":{"start":{"line":10,"column":26},"end":{"line":10,"column":43}},"line":10}},"f":{"0":4,"1":4}}
}
