TN:
SF:src/compare.js
FN:6,compare
FNF:1
FNH:1
FNDA:2,compare
DA:1,1
DA:2,1
DA:3,1
DA:4,1
DA:5,1
DA:6,1
DA:7,2
DA:8,2
DA:9,2
DA:10,2
DA:11,2
DA:12,2
DA:13,2
DA:14,2
DA:15,2
DA:16,2
DA:17,2
DA:18,2
DA:19,2
DA:20,20
DA:21,20
DA:22,20
DA:23,20
DA:24,16
DA:25,8
DA:26,8
DA:27,8
DA:28,8
DA:29,16
DA:30,20
DA:31,2
DA:32,2
DA:33,20
DA:34,2
DA:35,2
DA:36,0
DA:37,2
DA:38,2
DA:39,2
DA:40,1
DA:41,1
LF:41
LH:40
BRDA:6,0,0,2
BRDA:19,1,0,20
BRDA:23,2,0,18
BRDA:23,3,0,16
BRDA:24,4,0,8
BRDA:27,5,0,4
BRDA:27,6,0,4
BRDA:30,7,0,4
BRDA:30,8,0,2
BRDA:30,9,0,2
BRDA:33,10,0,2
BRDA:36,11,0,0
BRF:12
BRH:11
end_of_record
TN:
SF:src/makestring.js
FN:1,makeString
FNF:1
FNH:1
FNDA:3,makeString
DA:1,1
DA:2,3
DA:3,3
DA:4,3
DA:5,3
DA:6,3
DA:7,1
LF:7
LH:7
BRDA:1,0,0,3
BRF:1
BRH:1
end_of_record
TN:
SF:src/openfile.js
FN:9,openFile
FN:10,getFixturePath
FNF:2
FNH:2
FNDA:4,openFile
FNDA:4,getFixturePath
DA:1,1
DA:2,1
DA:3,1
DA:4,1
DA:5,1
DA:6,1
DA:7,1
DA:8,1
DA:9,1
DA:10,4
DA:11,4
DA:12,4
DA:13,4
DA:14,1
DA:15,1
LF:15
LH:15
BRDA:9,0,0,4
BRDA:10,1,0,4
BRF:2
BRH:2
end_of_record
